#
# A fatal error has been detected by the Java Runtime Environment:
#
#  EXCEPTION_ACCESS_VIOLATION (0xc0000005) at pc=0x00000000728a63bc, pid=9088, tid=0x0000000000004f3c
#
# JRE version: Java(TM) SE Runtime Environment (8.0_281-b09) (build 1.8.0_281-b09)
# Java VM: Java HotSpot(TM) 64-Bit Server VM (25.281-b09 mixed mode windows-amd64 compressed oops)
# Problematic frame:
# V  [jvm.dll+0x1063bc]
#
# Failed to write core dump. Minidumps are not enabled by default on client versions of Windows
#
# If you would like to submit a bug report, please visit:
#   http://bugreport.java.com/bugreport/crash.jsp
#

---------------  T H R E A D  ---------------

Current thread (0x000001d27c58b800):  VMThread [stack: 0x000000cffd000000,0x000000cffd100000] [id=20284]

siginfo: ExceptionCode=0xc0000005, reading address 0x0000000000000008

Registers:
RAX=0x0000000000000000, RBX=0x000000cffd0ff4c0, RCX=0x0000000000000000, RDX=0x0000000000000000
RSP=0x000000cffd0ff1f0, RBP=0x0000000000000001, RSI=0x0000000000000001, RDI=0x0000000072f770c0
R8 =0x0000000000000000, R9 =0x000001d2038f9f80, R10=0x000001d26657e120, R11=0x000001d2038f7790
R12=0x000000000000000d, R13=0x000001d2666855c0, R14=0x0000000000000000, R15=0x00000000727a0000
RIP=0x00000000728a63bc, EFLAGS=0x0000000000010202

Top of Stack: (sp=0x000000cffd0ff1f0)
0x000000cffd0ff1f0:   000001d27c58b800 000000007285d0ce
0x000000cffd0ff200:   000001d2038f7948 000000cffd0ff320
0x000000cffd0ff210:   000049e092ece1fe 000000cffd0ff4c0
0x000000cffd0ff220:   000001d2038f77c0 00000000728a6e75
0x000000cffd0ff230:   000049e092ece0ee 000000cffd0ff4c0
0x000000cffd0ff240:   0000000000000000 000000cffd0ff320
0x000000cffd0ff250:   000000cffd0ff4c0 00000000728a8730
0x000000cffd0ff260:   0000000000000000 0000000000000000
0x000000cffd0ff270:   0000000000000001 000001d27c58b800
0x000000cffd0ff280:   000001d200000000 000000007285d0ce
0x000000cffd0ff290:   000001d2038f7948 000000cffd0ff320
0x000000cffd0ff2a0:   000000cffd0ff320 0000000000000000
0x000000cffd0ff2b0:   000000cffd0ff320 00000000728a9f41
0x000000cffd0ff2c0:   00000000727a0000 0000000000000000
0x000000cffd0ff2d0:   000000cffd0ff350 000001d2038f7948
0x000000cffd0ff2e0:   0000000000000000 00000000728a902e 

Instructions: (pc=0x00000000728a63bc)
0x00000000728a639c:   8b cf e8 8d a0 ff ff 8b d0 48 8b cf e8 f3 c7 ff
0x00000000728a63ac:   ff 48 63 c8 48 8b 44 cf 50 48 8d 3d 04 0d 6d 00
0x00000000728a63bc:   0f b6 48 08 8b 05 f6 0c 6d 00 80 f9 4c 74 2b 80
0x00000000728a63cc:   f9 5b 74 26 80 f9 4a 74 18 80 f9 44 74 13 80 f9 


Register to memory mapping:

RAX=0x0000000000000000 is an unknown value
RBX=0x000000cffd0ff4c0 is an unknown value
RCX=0x0000000000000000 is an unknown value
RDX=0x0000000000000000 is an unknown value
RSP=0x000000cffd0ff1f0 is an unknown value
RBP=0x0000000000000001 is an unknown value
RSI=0x0000000000000001 is an unknown value
RDI=0x0000000072f770c0 is an unknown value
R8 =0x0000000000000000 is an unknown value
R9 =0x000001d2038f9f80 is pointing into metadata
R10=0x000001d26657e120 is an unknown value
R11=0x000001d2038f7790 is pointing into metadata
R12=0x000000000000000d is an unknown value
R13=0x000001d2666855c0 is an unknown value
R14=0x0000000000000000 is an unknown value
R15=0x00000000727a0000 is an unknown value


Stack: [0x000000cffd000000,0x000000cffd100000],  sp=0x000000cffd0ff1f0,  free space=1020k
Native frames: (J=compiled Java code, j=interpreted, Vv=VM code, C=native code)
V  [jvm.dll+0x1063bc]
V  [jvm.dll+0x108730]
V  [jvm.dll+0x10902e]
V  [jvm.dll+0x10669a]
V  [jvm.dll+0x10582a]
V  [jvm.dll+0xcd14b]
V  [jvm.dll+0xcdcf4]
V  [jvm.dll+0x112634]
V  [jvm.dll+0x135930]
V  [jvm.dll+0x1b8ce1]
V  [jvm.dll+0x245447]
V  [jvm.dll+0x243bb5]
V  [jvm.dll+0x24432c]
V  [jvm.dll+0x24463c]
V  [jvm.dll+0x291cbc]
C  [ucrtbase.dll+0x203ba]
C  [KERNEL32.DLL+0x181f4]
C  [ntdll.dll+0x6a251]

VM_Operation (0x000000cffd5ff5b0): GetOrSetLocal, mode: safepoint, requested by thread 0x000001d27c605000


---------------  P R O C E S S  ---------------

Java Threads: ( => current thread )
  0x000001d2021f5000 JavaThread "http-nio-9090-exec-10" daemon [_thread_blocked, id=19148, stack(0x000000cffeb00000,0x000000cffec00000)]
  0x000001d2021f4000 JavaThread "http-nio-9090-exec-9" daemon [_thread_blocked, id=18632, stack(0x000000cffe400000,0x000000cffe500000)]
  0x000001d201fbd000 JavaThread "http-nio-9090-exec-8" daemon [_thread_blocked, id=1328, stack(0x000000cffe300000,0x000000cffe400000)]
  0x000001d201fbf800 JavaThread "http-nio-9090-exec-7" daemon [_thread_blocked, id=17612, stack(0x000000cffc900000,0x000000cffca00000)]
  0x000001d201fb9800 JavaThread "mssql-jdbc-shared-timer-core-1" daemon [_thread_blocked, id=19748, stack(0x000000cffc800000,0x000000cffc900000)]
  0x000001d201fba000 JavaThread "http-nio-9090-exec-6" daemon [_thread_blocked, id=18224, stack(0x000000cffef00000,0x000000cfff000000)]
  0x000001d201fbe800 JavaThread "http-nio-9090-exec-5" daemon [_thread_blocked, id=16412, stack(0x000000cffee00000,0x000000cffef00000)]
  0x000001d201fbe000 JavaThread "http-nio-9090-exec-4" daemon [_thread_blocked, id=6776, stack(0x000000cffed00000,0x000000cffee00000)]
  0x000001d201fbc800 JavaThread "http-nio-9090-exec-3" daemon [_thread_blocked, id=8092, stack(0x000000cffea00000,0x000000cffeb00000)]
  0x000001d201fb8800 JavaThread "http-nio-9090-exec-2" daemon [_thread_blocked, id=13492, stack(0x000000cffe900000,0x000000cffea00000)]
  0x000001d201fbb000 JavaThread "http-nio-9090-exec-1" daemon [_thread_blocked, id=16776, stack(0x000000cffe800000,0x000000cffe900000)]
  0x000001d201fbb800 JavaThread "DestroyJavaVM" [_thread_blocked, id=10368, stack(0x000000cffcb00000,0x000000cffcc00000)]
  0x000001d20205b000 JavaThread "http-nio-9090-Acceptor" daemon [_thread_in_native, id=19220, stack(0x000000cffe700000,0x000000cffe800000)]
  0x000001d20205a800 JavaThread "http-nio-9090-Poller" daemon [_thread_in_native, id=12708, stack(0x000000cffe600000,0x000000cffe700000)]
  0x000001d27c645800 JavaThread "HikariPool-1 housekeeper" daemon [_thread_blocked, id=19444, stack(0x000000cffe500000,0x000000cffe600000)]
  0x000001d27fadb800 JavaThread "container-0" [_thread_blocked, id=13748, stack(0x000000cffe200000,0x000000cffe300000)]
  0x000001d27fa9b000 JavaThread "Catalina-utility-2" [_thread_blocked, id=10408, stack(0x000000cffe100000,0x000000cffe200000)]
  0x000001d27fa92800 JavaThread "Catalina-utility-1" [_thread_blocked, id=13380, stack(0x000000cffe000000,0x000000cffe100000)]
  0x000001d27e205800 JavaThread "RMI TCP Accept-0" daemon [_thread_in_native, id=16260, stack(0x000000cffde00000,0x000000cffdf00000)]
  0x000001d27e1f8800 JavaThread "RMI TCP Accept-49790" daemon [_thread_in_native, id=2384, stack(0x000000cffdd00000,0x000000cffde00000)]
  0x000001d27e1ee800 JavaThread "RMI TCP Accept-0" daemon [_thread_in_native, id=14536, stack(0x000000cffdc00000,0x000000cffdd00000)]
  0x000001d27c69c000 JavaThread "Service Thread" daemon [_thread_blocked, id=15744, stack(0x000000cffdb00000,0x000000cffdc00000)]
  0x000001d27c679800 JavaThread "C1 CompilerThread2" daemon [_thread_blocked, id=13632, stack(0x000000cffda00000,0x000000cffdb00000)]
  0x000001d27c672000 JavaThread "C2 CompilerThread1" daemon [_thread_blocked, id=9308, stack(0x000000cffd900000,0x000000cffda00000)]
  0x000001d27c617800 JavaThread "C2 CompilerThread0" daemon [_thread_blocked, id=524, stack(0x000000cffd800000,0x000000cffd900000)]
  0x000001d27c612800 JavaThread "JDWP Command Reader" daemon [_thread_in_native, id=13816, stack(0x000000cffd700000,0x000000cffd800000)]
  0x000001d27c607000 JavaThread "JDWP Event Helper Thread" daemon [_thread_blocked, id=5544, stack(0x000000cffd600000,0x000000cffd700000)]
  0x000001d27c605000 JavaThread "JDWP Transport Listener: dt_socket" daemon [_thread_blocked, id=18264, stack(0x000000cffd500000,0x000000cffd600000)]
  0x000001d27c5de800 JavaThread "Attach Listener" daemon [_thread_blocked, id=15976, stack(0x000000cffd400000,0x000000cffd500000)]
  0x000001d27c5dc000 JavaThread "Signal Dispatcher" daemon [_thread_blocked, id=12004, stack(0x000000cffd300000,0x000000cffd400000)]
  0x000001d27c5c0000 JavaThread "Finalizer" daemon [_thread_blocked, id=11492, stack(0x000000cffd200000,0x000000cffd300000)]
  0x000001d27c596800 JavaThread "Reference Handler" daemon [_thread_blocked, id=16224, stack(0x000000cffd100000,0x000000cffd200000)]

Other Threads:
=>0x000001d27c58b800 VMThread [stack: 0x000000cffd000000,0x000000cffd100000] [id=20284]
  0x000001d27e207800 WatcherThread [stack: 0x000000cffdf00000,0x000000cffe000000] [id=11036]

VM state:at safepoint (normal execution)

VM Mutex/Monitor currently owned by a thread:  ([mutex/lock_event])
[0x000001d266561b00] Threads_lock - owner thread: 0x000001d27c58b800

heap address: 0x0000000081a00000, size: 2022 MB, Compressed Oops mode: 32-bit
Narrow klass base: 0x0000000000000000, Narrow klass shift: 3
Compressed class space size: 1073741824 Address: 0x0000000100000000

Heap:
 PSYoungGen      total 287232K, used 203126K [0x00000000d5e00000, 0x00000000e8900000, 0x0000000100000000)
  eden space 269824K, 75% used [0x00000000d5e00000,0x00000000e245dad0,0x00000000e6580000)
  from space 17408K, 0% used [0x00000000e7600000,0x00000000e7600000,0x00000000e8700000)
  to   space 16896K, 0% used [0x00000000e6580000,0x00000000e6580000,0x00000000e7600000)
 ParOldGen       total 102912K, used 21913K [0x0000000081a00000, 0x0000000087e80000, 0x00000000d5e00000)
  object space 102912K, 21% used [0x0000000081a00000,0x0000000082f66770,0x0000000087e80000)
 Metaspace       used 65235K, capacity 69100K, committed 69336K, reserved 1110016K
  class space    used 9054K, capacity 9710K, committed 9728K, reserved 1048576K

Card table byte_map: [0x000001d277300000,0x000001d277700000] byte_map_base: 0x000001d276ef3000

Marking Bits: (ParMarkBitMap*) 0x0000000072f86ff0
 Begin Bits: [0x000001d2779b0000, 0x000001d279948000)
 End Bits:   [0x000001d279948000, 0x000001d27b8e0000)

Polling page: 0x000001d266470000

CodeCache: size=245760Kb used=9557Kb max_used=9557Kb free=236202Kb
 bounds [0x000001d267f40000, 0x000001d2688a0000, 0x000001d276f40000]
 total_blobs=5263 nmethods=4638 adapters=544
 compilation: enabled

Compilation events (10 events):
Event: 9.549 Thread 0x000001d27c679800 4625       1       org.springframework.asm.Type::getMethodDescriptor (74 bytes)
Event: 9.549 Thread 0x000001d27c679800 nmethod 4625 0x000001d26888a3d0 code [0x000001d26888a5c0, 0x000001d26888ad60]
Event: 9.549 Thread 0x000001d27c679800 4628       1       org.springframework.asm.MethodVisitor::visitJumpInsn (17 bytes)
Event: 9.550 Thread 0x000001d27c679800 nmethod 4628 0x000001d26888b550 code [0x000001d26888b6a0, 0x000001d26888b810]
Event: 9.550 Thread 0x000001d27c679800 4627       1       org.springframework.cglib.core.CodeEmitter::push (9 bytes)
Event: 9.550 Thread 0x000001d27c679800 nmethod 4627 0x000001d26888b890 code [0x000001d26888b9e0, 0x000001d26888bb30]
Event: 9.550 Thread 0x000001d27c679800 4626       1       org.springframework.cglib.core.ReflectUtils::getSignature (73 bytes)
Event: 9.550 Thread 0x000001d27c679800 nmethod 4626 0x000001d26888bbd0 code [0x000001d26888bdc0, 0x000001d26888c260]
Event: 9.550 Thread 0x000001d27c679800 4629       1       org.springframework.asm.MethodVisitor::visitLdcInsn (87 bytes)
Event: 9.551 Thread 0x000001d27c679800 nmethod 4629 0x000001d26888c510 code [0x000001d26888c6c0, 0x000001d26888cb30]

GC Heap History (10 events):
Event: 4.834 GC heap before
{Heap before GC invocations=9 (full 1):
 PSYoungGen      total 140800K, used 38039K [0x00000000d5e00000, 0x00000000e3a80000, 0x0000000100000000)
  eden space 131584K, 21% used [0x00000000d5e00000,0x00000000d7a2c280,0x00000000dde80000)
  from space 9216K, 99% used [0x00000000dde80000,0x00000000de779b48,0x00000000de780000)
  to   space 11264K, 0% used [0x00000000e2f80000,0x00000000e2f80000,0x00000000e3a80000)
 ParOldGen       total 49664K, used 8850K [0x0000000081a00000, 0x0000000084a80000, 0x00000000d5e00000)
  object space 49664K, 17% used [0x0000000081a00000,0x00000000822a4b40,0x0000000084a80000)
 Metaspace       used 33306K, capacity 35388K, committed 35416K, reserved 1079296K
  class space    used 4573K, capacity 4975K, committed 4992K, reserved 1048576K
Event: 4.846 GC heap after
Heap after GC invocations=9 (full 1):
 PSYoungGen      total 214016K, used 9729K [0x00000000d5e00000, 0x00000000e5080000, 0x0000000100000000)
  eden space 202752K, 0% used [0x00000000d5e00000,0x00000000d5e00000,0x00000000e2400000)
  from space 11264K, 86% used [0x00000000e2f80000,0x00000000e3900520,0x00000000e3a80000)
  to   space 11776K, 0% used [0x00000000e2400000,0x00000000e2400000,0x00000000e2f80000)
 ParOldGen       total 49664K, used 8922K [0x0000000081a00000, 0x0000000084a80000, 0x00000000d5e00000)
  object space 49664K, 17% used [0x0000000081a00000,0x00000000822b6b50,0x0000000084a80000)
 Metaspace       used 33306K, capacity 35388K, committed 35416K, reserved 1079296K
  class space    used 4573K, capacity 4975K, committed 4992K, reserved 1048576K
}
Event: 4.846 GC heap before
{Heap before GC invocations=10 (full 2):
 PSYoungGen      total 214016K, used 9729K [0x00000000d5e00000, 0x00000000e5080000, 0x0000000100000000)
  eden space 202752K, 0% used [0x00000000d5e00000,0x00000000d5e00000,0x00000000e2400000)
  from space 11264K, 86% used [0x00000000e2f80000,0x00000000e3900520,0x00000000e3a80000)
  to   space 11776K, 0% used [0x00000000e2400000,0x00000000e2400000,0x00000000e2f80000)
 ParOldGen       total 49664K, used 8922K [0x0000000081a00000, 0x0000000084a80000, 0x00000000d5e00000)
  object space 49664K, 17% used [0x0000000081a00000,0x00000000822b6b50,0x0000000084a80000)
 Metaspace       used 33306K, capacity 35388K, committed 35416K, reserved 1079296K
  class space    used 4573K, capacity 4975K, committed 4992K, reserved 1048576K
Event: 4.943 GC heap after
Heap after GC invocations=10 (full 2):
 PSYoungGen      total 214016K, used 0K [0x00000000d5e00000, 0x00000000e5080000, 0x0000000100000000)
  eden space 202752K, 0% used [0x00000000d5e00000,0x00000000d5e00000,0x00000000e2400000)
  from space 11264K, 0% used [0x00000000e2f80000,0x00000000e2f80000,0x00000000e3a80000)
  to   space 11776K, 0% used [0x00000000e2400000,0x00000000e2400000,0x00000000e2f80000)
 ParOldGen       total 75264K, used 14800K [0x0000000081a00000, 0x0000000086380000, 0x00000000d5e00000)
  object space 75264K, 19% used [0x0000000081a00000,0x00000000828740c0,0x0000000086380000)
 Metaspace       used 33306K, capacity 35388K, committed 35416K, reserved 1079296K
  class space    used 4573K, capacity 4975K, committed 4992K, reserved 1048576K
}
Event: 8.747 GC heap before
{Heap before GC invocations=11 (full 2):
 PSYoungGen      total 214016K, used 202752K [0x00000000d5e00000, 0x00000000e5080000, 0x0000000100000000)
  eden space 202752K, 100% used [0x00000000d5e00000,0x00000000e2400000,0x00000000e2400000)
  from space 11264K, 0% used [0x00000000e2f80000,0x00000000e2f80000,0x00000000e3a80000)
  to   space 11776K, 0% used [0x00000000e2400000,0x00000000e2400000,0x00000000e2f80000)
 ParOldGen       total 75264K, used 14800K [0x0000000081a00000, 0x0000000086380000, 0x00000000d5e00000)
  object space 75264K, 19% used [0x0000000081a00000,0x00000000828740c0,0x0000000086380000)
 Metaspace       used 53601K, capacity 56610K, committed 56920K, reserved 1097728K
  class space    used 7442K, capacity 7981K, committed 8064K, reserved 1048576K
Event: 8.770 GC heap after
Heap after GC invocations=11 (full 2):
 PSYoungGen      total 214528K, used 11745K [0x00000000d5e00000, 0x00000000e8700000, 0x0000000100000000)
  eden space 202752K, 0% used [0x00000000d5e00000,0x00000000d5e00000,0x00000000e2400000)
  from space 11776K, 99% used [0x00000000e2400000,0x00000000e2f78658,0x00000000e2f80000)
  to   space 17408K, 0% used [0x00000000e7600000,0x00000000e7600000,0x00000000e8700000)
 ParOldGen       total 75264K, used 25400K [0x0000000081a00000, 0x0000000086380000, 0x00000000d5e00000)
  object space 75264K, 33% used [0x0000000081a00000,0x00000000832ce050,0x0000000086380000)
 Metaspace       used 53601K, capacity 56610K, committed 56920K, reserved 1097728K
  class space    used 7442K, capacity 7981K, committed 8064K, reserved 1048576K
}
Event: 9.067 GC heap before
{Heap before GC invocations=12 (full 2):
 PSYoungGen      total 214528K, used 38111K [0x00000000d5e00000, 0x00000000e8700000, 0x0000000100000000)
  eden space 202752K, 13% used [0x00000000d5e00000,0x00000000d77bf618,0x00000000e2400000)
  from space 11776K, 99% used [0x00000000e2400000,0x00000000e2f78658,0x00000000e2f80000)
  to   space 17408K, 0% used [0x00000000e7600000,0x00000000e7600000,0x00000000e8700000)
 ParOldGen       total 75264K, used 25400K [0x0000000081a00000, 0x0000000086380000, 0x00000000d5e00000)
  object space 75264K, 33% used [0x0000000081a00000,0x00000000832ce050,0x0000000086380000)
 Metaspace       used 55763K, capacity 58874K, committed 58968K, reserved 1099776K
  class space    used 7707K, capacity 8251K, committed 8320K, reserved 1048576K
Event: 9.082 GC heap after
Heap after GC invocations=12 (full 2):
 PSYoungGen      total 287232K, used 9494K [0x00000000d5e00000, 0x00000000e8900000, 0x0000000100000000)
  eden space 269824K, 0% used [0x00000000d5e00000,0x00000000d5e00000,0x00000000e6580000)
  from space 17408K, 54% used [0x00000000e7600000,0x00000000e7f45988,0x00000000e8700000)
  to   space 16896K, 0% used [0x00000000e6580000,0x00000000e6580000,0x00000000e7600000)
 ParOldGen       total 75264K, used 25408K [0x0000000081a00000, 0x0000000086380000, 0x00000000d5e00000)
  object space 75264K, 33% used [0x0000000081a00000,0x00000000832d0050,0x0000000086380000)
 Metaspace       used 55763K, capacity 58874K, committed 58968K, reserved 1099776K
  class space    used 7707K, capacity 8251K, committed 8320K, reserved 1048576K
}
Event: 9.082 GC heap before
{Heap before GC invocations=13 (full 3):
 PSYoungGen      total 287232K, used 9494K [0x00000000d5e00000, 0x00000000e8900000, 0x0000000100000000)
  eden space 269824K, 0% used [0x00000000d5e00000,0x00000000d5e00000,0x00000000e6580000)
  from space 17408K, 54% used [0x00000000e7600000,0x00000000e7f45988,0x00000000e8700000)
  to   space 16896K, 0% used [0x00000000e6580000,0x00000000e6580000,0x00000000e7600000)
 ParOldGen       total 75264K, used 25408K [0x0000000081a00000, 0x0000000086380000, 0x00000000d5e00000)
  object space 75264K, 33% used [0x0000000081a00000,0x00000000832d0050,0x0000000086380000)
 Metaspace       used 55763K, capacity 58874K, committed 58968K, reserved 1099776K
  class space    used 7707K, capacity 8251K, committed 8320K, reserved 1048576K
Event: 9.318 GC heap after
Heap after GC invocations=13 (full 3):
 PSYoungGen      total 287232K, used 0K [0x00000000d5e00000, 0x00000000e8900000, 0x0000000100000000)
  eden space 269824K, 0% used [0x00000000d5e00000,0x00000000d5e00000,0x00000000e6580000)
  from space 17408K, 0% used [0x00000000e7600000,0x00000000e7600000,0x00000000e8700000)
  to   space 16896K, 0% used [0x00000000e6580000,0x00000000e6580000,0x00000000e7600000)
 ParOldGen       total 102912K, used 21913K [0x0000000081a00000, 0x0000000087e80000, 0x00000000d5e00000)
  object space 102912K, 21% used [0x0000000081a00000,0x0000000082f66770,0x0000000087e80000)
 Metaspace       used 55763K, capacity 58874K, committed 58968K, reserved 1099776K
  class space    used 7707K, capacity 8251K, committed 8320K, reserved 1048576K
}

Deoptimization events (0 events):
No events

Classes redefined (2 events):
Event: 465.784 Thread 0x000001d27c58b800 redefined class name=com.example.demo.controllers.HomeController, count=1
Event: 3592.653 Thread 0x000001d27c58b800 redefined class name=com.example.demo.controllers.HomeController, count=2

Internal exceptions (10 events):
Event: 3595.284 Thread 0x000001d201fba000 Exception <a 'java/lang/ArrayIndexOutOfBoundsException': 52> (0x00000000dfdfe110) thrown at [C:\jenkins\workspace\8-2-build-windows-amd64-cygwin\jdk8u281\880\hotspot\src\share\vm\interpreter\interpreterRuntime.cpp, line 371]
Event: 3595.286 Thread 0x000001d201fba000 Exception <a 'java/lang/ArrayIndexOutOfBoundsException': 52> (0x00000000dfe00380) thrown at [C:\jenkins\workspace\8-2-build-windows-amd64-cygwin\jdk8u281\880\hotspot\src\share\vm\interpreter\interpreterRuntime.cpp, line 371]
Event: 3615.293 Thread 0x000001d201fba000 Exception <a 'java/lang/ClassNotFoundException': java/lang/ObjectCustomizer> (0x00000000e1a3ff58) thrown at [C:\jenkins\workspace\8-2-build-windows-amd64-cygwin\jdk8u281\880\hotspot\src\share\vm\classfile\systemDictionary.cpp, line 212]
Event: 3615.307 Thread 0x000001d201fba000 Exception <a 'java/lang/ClassNotFoundException': com/example/demo/form/ConditionSearchFormCustomizer> (0x00000000e1a5cb90) thrown at [C:\jenkins\workspace\8-2-build-windows-amd64-cygwin\jdk8u281\880\hotspot\src\share\vm\classfile\systemDictionary.cpp, lin
Event: 3615.737 Thread 0x000001d201fba000 Exception <a 'java/lang/ArrayIndexOutOfBoundsException': 22> (0x00000000e1c564f0) thrown at [C:\jenkins\workspace\8-2-build-windows-amd64-cygwin\jdk8u281\880\hotspot\src\share\vm\interpreter\interpreterRuntime.cpp, line 371]
Event: 3615.746 Thread 0x000001d201fba000 Exception <a 'java/lang/ArrayIndexOutOfBoundsException': 23> (0x00000000e1c5bfd0) thrown at [C:\jenkins\workspace\8-2-build-windows-amd64-cygwin\jdk8u281\880\hotspot\src\share\vm\interpreter\interpreterRuntime.cpp, line 371]
Event: 3615.781 Thread 0x000001d201fba000 Exception <a 'java/lang/ArrayIndexOutOfBoundsException': 22> (0x00000000e1c72c58) thrown at [C:\jenkins\workspace\8-2-build-windows-amd64-cygwin\jdk8u281\880\hotspot\src\share\vm\interpreter\interpreterRuntime.cpp, line 371]
Event: 3615.788 Thread 0x000001d201fba000 Exception <a 'java/lang/ArrayIndexOutOfBoundsException': 23> (0x00000000e1c77ae8) thrown at [C:\jenkins\workspace\8-2-build-windows-amd64-cygwin\jdk8u281\880\hotspot\src\share\vm\interpreter\interpreterRuntime.cpp, line 371]
Event: 3615.885 Thread 0x000001d201fba000 Exception <a 'java/lang/ArrayIndexOutOfBoundsException': 74> (0x00000000e1ccf0e8) thrown at [C:\jenkins\workspace\8-2-build-windows-amd64-cygwin\jdk8u281\880\hotspot\src\share\vm\interpreter\interpreterRuntime.cpp, line 371]
Event: 3616.216 Thread 0x000001d201fba000 Exception <a 'java/io/IOException'> (0x00000000e1db9898) thrown at [C:\jenkins\workspace\8-2-build-windows-amd64-cygwin\jdk8u281\880\hotspot\src\share\vm\prims\jni.cpp, line 710]

Events (10 events):
Event: 3626.575 Executing VM operation: GetCurrentContendedMonitor done
Event: 3626.576 Executing VM operation: GetOwnedMonitorInfo
Event: 3626.576 Executing VM operation: GetOwnedMonitorInfo done
Event: 3626.576 Executing VM operation: GetCurrentContendedMonitor
Event: 3626.576 Executing VM operation: GetCurrentContendedMonitor done
Event: 3626.578 Executing VM operation: GetCurrentContendedMonitor
Event: 3626.578 Executing VM operation: GetCurrentContendedMonitor done
Event: 3626.578 Executing VM operation: GetOwnedMonitorInfo
Event: 3626.579 Executing VM operation: GetOwnedMonitorInfo done
Event: 3626.752 Executing VM operation: GetOrSetLocal


Dynamic libraries:
0x00007ff6fb5e0000 - 0x00007ff6fb627000 	C:\Program Files\Java\jre1.8.0_281\bin\javaw.exe
0x00007ffcce090000 - 0x00007ffcce27d000 	C:\Windows\SYSTEM32\ntdll.dll
0x00007ffccc930000 - 0x00007ffccc9e3000 	C:\Windows\System32\KERNEL32.DLL
0x00007ffcca160000 - 0x00007ffcca3f3000 	C:\Windows\System32\KERNELBASE.dll
0x00007ffccb2c0000 - 0x00007ffccb363000 	C:\Windows\System32\ADVAPI32.dll
0x00007ffccc140000 - 0x00007ffccc1de000 	C:\Windows\System32\msvcrt.dll
0x00007ffccdf50000 - 0x00007ffccdfee000 	C:\Windows\System32\sechost.dll
0x00007ffccc800000 - 0x00007ffccc922000 	C:\Windows\System32\RPCRT4.dll
0x00007ffccbfa0000 - 0x00007ffccc137000 	C:\Windows\System32\USER32.dll
0x00007ffcca520000 - 0x00007ffcca540000 	C:\Windows\System32\win32u.dll
0x00007ffccb940000 - 0x00007ffccb969000 	C:\Windows\System32\GDI32.dll
0x00007ffcca540000 - 0x00007ffcca6da000 	C:\Windows\System32\gdi32full.dll
0x00007ffccb220000 - 0x00007ffccb2c0000 	C:\Windows\System32\msvcp_win.dll
0x00007ffcca420000 - 0x00007ffcca51c000 	C:\Windows\System32\ucrtbase.dll
0x00007ffcb6b30000 - 0x00007ffcb6da9000 	C:\Windows\WinSxS\amd64_microsoft.windows.common-controls_6595b64144ccf1df_6.0.17763.316_none_05b53be2071f46b6\COMCTL32.dll
0x00007ffccb370000 - 0x00007ffccb69d000 	C:\Windows\System32\combase.dll
0x00007ffcca950000 - 0x00007ffcca9ce000 	C:\Windows\System32\bcryptPrimitives.dll
0x00007ffccbf70000 - 0x00007ffccbf9e000 	C:\Windows\System32\IMM32.DLL
0x00007ffcc39c0000 - 0x00007ffcc39d5000 	C:\Program Files\Java\jre1.8.0_281\bin\vcruntime140.dll
0x00007ffcbdc50000 - 0x00007ffcbdceb000 	C:\Program Files\Java\jre1.8.0_281\bin\msvcp140.dll
0x00000000727a0000 - 0x0000000072fff000 	C:\Program Files\Java\jre1.8.0_281\bin\server\jvm.dll
0x00007ffccdff0000 - 0x00007ffccdff8000 	C:\Windows\System32\PSAPI.DLL
0x00007ffcbaf80000 - 0x00007ffcbaf89000 	C:\Windows\SYSTEM32\WSOCK32.dll
0x00007ffccc5e0000 - 0x00007ffccc64d000 	C:\Windows\System32\WS2_32.dll
0x00007ffcc1e30000 - 0x00007ffcc1e54000 	C:\Windows\SYSTEM32\WINMM.dll
0x00007ffcc9270000 - 0x00007ffcc927a000 	C:\Windows\SYSTEM32\VERSION.dll
0x00007ffcc1e00000 - 0x00007ffcc1e2d000 	C:\Windows\SYSTEM32\WINMMBASE.dll
0x00007ffcca9d0000 - 0x00007ffccaa1a000 	C:\Windows\System32\cfgmgr32.dll
0x00007ffcca140000 - 0x00007ffcca151000 	C:\Windows\System32\kernel.appcore.dll
0x00007ffcc53b0000 - 0x00007ffcc53c0000 	C:\Program Files\Java\jre1.8.0_281\bin\verify.dll
0x00007ffcc3a30000 - 0x00007ffcc3a5b000 	C:\Program Files\Java\jre1.8.0_281\bin\java.dll
0x00007ffcbdc10000 - 0x00007ffcbdc46000 	C:\Program Files\Java\jre1.8.0_281\bin\jdwp.dll
0x00007ffcc5680000 - 0x00007ffcc5689000 	C:\Program Files\Java\jre1.8.0_281\bin\npt.dll
0x00007ffcc4c50000 - 0x00007ffcc4c68000 	C:\Program Files\Java\jre1.8.0_281\bin\zip.dll
0x00007ffccca00000 - 0x00007ffccdeef000 	C:\Windows\System32\SHELL32.dll
0x00007ffccbec0000 - 0x00007ffccbf68000 	C:\Windows\System32\shcore.dll
0x00007ffccaa20000 - 0x00007ffccb16a000 	C:\Windows\System32\windows.storage.dll
0x00007ffcca090000 - 0x00007ffcca0b4000 	C:\Windows\System32\profapi.dll
0x00007ffcca0c0000 - 0x00007ffcca11d000 	C:\Windows\System32\powrprof.dll
0x00007ffccc3c0000 - 0x00007ffccc412000 	C:\Windows\System32\shlwapi.dll
0x00007ffcca400000 - 0x00007ffcca417000 	C:\Windows\System32\cryptsp.dll
0x00007ffcc4a60000 - 0x00007ffcc4a6a000 	C:\Program Files\Java\jre1.8.0_281\bin\dt_socket.dll
0x00007ffcc5510000 - 0x00007ffcc5526000 	C:\Windows\system32\napinsp.dll
0x00007ffcc3960000 - 0x00007ffcc397a000 	C:\Windows\system32\pnrpnsp.dll
0x00007ffcc9920000 - 0x00007ffcc9987000 	C:\Windows\System32\mswsock.dll
0x00007ffcc96c0000 - 0x00007ffcc9786000 	C:\Windows\SYSTEM32\DNSAPI.dll
0x00007ffccc9f0000 - 0x00007ffccc9f8000 	C:\Windows\System32\NSI.dll
0x00007ffcc9680000 - 0x00007ffcc96bd000 	C:\Windows\SYSTEM32\IPHLPAPI.DLL
0x00007ffcc3950000 - 0x00007ffcc395e000 	C:\Windows\System32\winrnr.dll
0x00007ffcc6070000 - 0x00007ffcc608b000 	C:\Windows\system32\NLAapi.dll
0x00007ffca5ae0000 - 0x00007ffca5af5000 	C:\Windows\system32\wshbth.dll
0x00007ffcbd9d0000 - 0x00007ffcbda49000 	C:\Windows\System32\fwpuclnt.dll
0x00007ffcca920000 - 0x00007ffcca946000 	C:\Windows\System32\bcrypt.dll
0x00007ffcbe4f0000 - 0x00007ffcbe4fa000 	C:\Windows\System32\rasadhlp.dll
0x00007ffcc43d0000 - 0x00007ffcc43dd000 	C:\Program Files\Java\jre1.8.0_281\bin\management.dll
0x00007ffcc39e0000 - 0x00007ffcc39fc000 	C:\Program Files\Java\jre1.8.0_281\bin\net.dll
0x00007ffcc3990000 - 0x00007ffcc39a3000 	C:\Program Files\Java\jre1.8.0_281\bin\nio.dll
0x00007ffcc94e0000 - 0x00007ffcc9513000 	C:\Windows\system32\rsaenh.dll
0x00007ffcc9f90000 - 0x00007ffcc9fb8000 	C:\Windows\SYSTEM32\USERENV.dll
0x00007ffcc9af0000 - 0x00007ffcc9afc000 	C:\Windows\SYSTEM32\CRYPTBASE.dll
0x00007ffcc2810000 - 0x00007ffcc2826000 	C:\Windows\SYSTEM32\dhcpcsvc6.DLL
0x00007ffcc2f80000 - 0x00007ffcc2f9c000 	C:\Windows\SYSTEM32\dhcpcsvc.DLL
0x00007ffcc3720000 - 0x00007ffcc3744000 	C:\Program Files\Java\jre1.8.0_281\bin\sunec.dll
0x00007ffcc53a0000 - 0x00007ffcc53ad000 	C:\Program Files\Java\jre1.8.0_281\bin\sunmscapi.dll
0x00007ffcca6e0000 - 0x00007ffcca8bb000 	C:\Windows\System32\CRYPT32.dll
0x00007ffcca120000 - 0x00007ffcca132000 	C:\Windows\System32\MSASN1.dll
0x00007ffcc9be0000 - 0x00007ffcc9c06000 	C:\Windows\SYSTEM32\ncrypt.dll
0x00007ffcc9ba0000 - 0x00007ffcc9bdc000 	C:\Windows\SYSTEM32\NTASN1.dll
0x00007ffcc8870000 - 0x00007ffcc8a5d000 	C:\Windows\SYSTEM32\dbghelp.dll

VM Arguments:
jvm_args: -agentlib:jdwp=transport=dt_socket,suspend=y,address=localhost:49791 -Dcom.sun.management.jmxremote -Dcom.sun.management.jmxremote.port=49790 -Dcom.sun.management.jmxremote.authenticate=false -Dcom.sun.management.jmxremote.ssl=false -Djava.rmi.server.hostname=localhost -Dspring.jmx.enabled=true -Dspring.liveBeansView.mbeanDomain -Dspring.application.admin.enabled=true -Xverify:none -XX:TieredStopAtLevel=1 -Dfile.encoding=UTF-8 
java_command: com.example.demo.PracticeMoocFinal -Dspring.profiles.active=local
java_class_path (initial): D:\DOPT\managerDevice\ManagerDevice\bin\main;C:\Users\ADMIN\.gradle\caches\modules-2\files-2.1\org.springframework.boot\spring-boot-starter-web\2.6.2\685b236afc0144a52383cd2c52731dd016f9badd\spring-boot-starter-web-2.6.2.jar;C:\Users\ADMIN\.gradle\caches\modules-2\files-2.1\org.springframework.boot\spring-boot-starter-data-jpa\2.6.1\cb2b309c7452b8835569bdd8df3c1352ca9bde0\spring-boot-starter-data-jpa-2.6.1.jar;C:\Users\ADMIN\.gradle\caches\modules-2\files-2.1\com.microsoft.sqlserver\mssql-jdbc\8.4.1.jre8\b5ffea221217c051429a6d2af974ee7341765424\mssql-jdbc-8.4.1.jre8.jar;C:\Users\ADMIN\.gradle\caches\modules-2\files-2.1\org.apache.tomcat\tomcat-jasper\9.0.56\2281a44d448188d25afabd17bea9dba3ceb85b\tomcat-jasper-9.0.56.jar;C:\Users\ADMIN\.gradle\caches\modules-2\files-2.1\javax.servlet\jstl\1.2\74aca283cd4f4b4f3e425f5820cda58f44409547\jstl-1.2.jar;C:\Users\ADMIN\.gradle\caches\modules-2\files-2.1\io.mateu\lombok\1.18.11.97\e93dc24317c4882dbcab7bcab002a7d836dc6aeb\lombok-1.18.11.97.jar;C:\Users\ADMIN\.gradle\caches\modules-2\files-2.1\org.springframework.boot\spring-boot-starter-thymeleaf\2.6.3\1468befdafc10744d410848ea5ecb4d44c6c215b\spring-boot-starter-thymeleaf-2.6.3.jar;C:\Users\ADMIN\.gradle\caches\modules-2\files-2.1\org.modelmapper\modelmapper\2.1.1\a983407fe1c7ae31845c7f80a323d01c25c21ca4\modelmapper-2.1.1.jar;C:\Users\ADMIN\.gradle\caches\modules-2\files-2.1\org.springframework.boot\spring-boot-starter-validation\2.6.4\6fb780b99d1b895918918f30979d61f9212f424b\spring-boot-starter-validation-2.6.4.jar;C:\Users\ADMIN\.gradle\caches\modules-2\files-2.1\org.apache.commons\commons-lang3\3.12.0\c6842c86792ff03b9f1d1fe2aab8dc23aa6c6f0e\commons-lang3-3.12.0.jar;C:\Users\ADMIN\.gradle\caches\modules-2\files-2.1\org.springframework.boot\spring-boot-starter-security\2.6.3\c48cabd79ac51f3decb8e89cb492e5962a186aa4\spring-boot-starter-security-2.6.3.jar;C:\Users\ADMIN\.gradle\caches\modules-2\files-2.1\org.springframework.boot\spring-boot-starter-
Launcher Type: SUN_STANDARD

Environment Variables:
PATH=C:/Program Files/Java/jre1.8.0_281/bin/server;C:/Program Files/Java/jre1.8.0_281/bin;C:/Program Files/Java/jre1.8.0_281/lib/amd64;C:\Program Files (x86)\Common Files\Oracle\Java\javapath;C:\Windows\system32;C:\Windows;C:\Windows\System32\Wbem;C:\Windows\System32\WindowsPowerShell\v1.0\;C:\Windows\System32\OpenSSH\;C:\Program Files\Microsoft SQL Server\Client SDK\ODBC\110\Tools\Binn\;C:\Program Files (x86)\Microsoft SQL Server\120\Tools\Binn\;C:\Program Files\Microsoft SQL Server\120\Tools\Binn\;C:\Program Files\Microsoft SQL Server\120\DTS\Binn\;C:\Program Files (x86)\Microsoft SQL Server\120\Tools\Binn\ManagementStudio\;C:\Program Files (x86)\Microsoft SQL Server\120\DTS\Binn\;C:\Program Files\Git\cmd;C:\Program Files\TortoiseGit\bin;C:\Program Files (x86)\nodejs\;C:\Users\ADMIN\AppData\Local\Microsoft\WindowsApps;C:\Users\ADMIN\AppData\Roaming\npm;D:\DOPT\TOOL\eclipse;
USERNAME=ADMIN
OS=Windows_NT
PROCESSOR_IDENTIFIER=Intel64 Family 6 Model 61 Stepping 4, GenuineIntel



---------------  S Y S T E M  ---------------

OS: Windows 10.0 , 64 bit Build 17763 (10.0.17763.292)

CPU:total 4 (initial active 4) (2 cores per cpu, 2 threads per core) family 6 model 61 stepping 4, cmov, cx8, fxsr, mmx, sse, sse2, sse3, ssse3, sse4.1, sse4.2, popcnt, avx, avx2, aes, clmul, erms, rtm, 3dnowpref, lzcnt, ht, tsc, tscinvbit, bmi1, bmi2, adx

Memory: 4k page, physical 8274452k(1465324k free), swap 15942164k(2513392k free)

vm_info: Java HotSpot(TM) 64-Bit Server VM (25.281-b09) for windows-amd64 JRE (1.8.0_281-b09), built on Dec  9 2020 13:54:07 by "" with MS VC++ 15.9 (VS2017)

time: Sat Apr 23 20:24:17 2022
timezone: SE Asia Standard Time
elapsed time: 3626.813897 seconds (0d 1h 0m 26s)

